

<<<<<<<<<<<<<<<<<<<<<<NEW USER LOGIN>>>>>>>>>>>>
---DATE---   Wed Apr 08 2020 10:58:57 GMT+0200 (Central European Summer Time)
---username---   Hans
---password---   undefined


<<<<<<<<<<<<<<<<<<<<<<NEW USER LOGIN>>>>>>>>>>>>
---DATE---   Wed Apr 08 2020 11:11:44 GMT+0200 (Central European Summer Time)
---username---   Hans
---password---   undefined


<<<<<<<<<<<<<<<<<<<<<<NEW USER LOGIN>>>>>>>>>>>>
---DATE---   Wed Apr 08 2020 11:12:41 GMT+0200 (Central European Summer Time)
---username---   Hans
---password---   undefined


<<<<<<<<<<<<<<<<<<<<<<NEW USER LOGIN>>>>>>>>>>>>
---DATE---   Wed Apr 08 2020 11:14:25 GMT+0200 (Central European Summer Time)
---username---   Hans
---password---   undefined


<<<<<<<<<<<<<<<<<<<<<<NEW USER LOGIN>>>>>>>>>>>>
---DATE---   Wed Apr 08 2020 11:19:25 GMT+0200 (Central European Summer Time)
---username---   Hans
---password---   undefined


<<<<<<<<<<<<<<<<<<<<<<NEW USER LOGIN>>>>>>>>>>>>
---DATE---   Wed Apr 08 2020 11:21:30 GMT+0200 (Central European Summer Time)
---username---   Hans
---password---   undefined


<<<<<<<<<<<<<<<<<<<<<<NEW USER LOGIN>>>>>>>>>>>>
---DATE---   Wed Apr 08 2020 11:24:22 GMT+0200 (Central European Summer Time)
---username---   Hans
---password---   undefined


<<<<<<<<<<<<<<<<<<<<<<NEW USER LOGIN>>>>>>>>>>>>
---DATE---   Wed Apr 08 2020 11:30:05 GMT+0200 (Central European Summer Time)
---username---   Hans
---password---   undefined


<<<<<<<<<<<<<<<<<<<<<<NEW USER LOGIN>>>>>>>>>>>>
---DATE---   Wed Apr 08 2020 11:30:33 GMT+0200 (Central European Summer Time)
---username---   Hans
---password---   undefined


<<<<<<<<<<<<<<<<<<<<<<NEW USER LOGIN>>>>>>>>>>>>
---DATE---   Wed Apr 08 2020 11:31:06 GMT+0200 (Central European Summer Time)
---username---   Hans
---password---   undefined


<<<<<<<<<<<<<<<<<<<<<<NEW USER LOGIN>>>>>>>>>>>>
---DATE---   Wed Apr 08 2020 11:31:42 GMT+0200 (Central European Summer Time)
---username---   Hans
---password---   undefined


<<<<<<<<<<<<<<<<<<<<<<NEW USER LOGIN>>>>>>>>>>>>
---DATE---   Wed Apr 08 2020 11:34:11 GMT+0200 (Central European Summer Time)
---username---   Hans
---password---   undefined


<<<<<<<<<<<<<<<<<<<<<<NEW USER LOGIN>>>>>>>>>>>>
---DATE---   Wed Apr 08 2020 11:35:30 GMT+0200 (Central European Summer Time)
---username---   Hans
---password---   undefined


<<<<<<<<<<<<<<<<<<<<<<NEW USER LOGIN>>>>>>>>>>>>
---DATE---   Sun Apr 12 2020 14:56:15 GMT+0200 (Central European Summer Time)
---username---   Hans
---password---   undefined


<<<<<<<<<<<<<<<<<<<<<<NEW USER LOGIN>>>>>>>>>>>>
---DATE---   Sun Apr 12 2020 15:07:43 GMT+0200 (Central European Summer Time)
---username---   Hans
---password---   undefined


<<<<<<<<<<<<<<<<<<<<<<NEW USER LOGIN>>>>>>>>>>>>
---DATE---   Sun Apr 12 2020 15:09:45 GMT+0200 (Central European Summer Time)
---username---   Hans
---password---   undefined


<<<<<<<<<<<<<<<<<<<<<<NEW USER LOGIN>>>>>>>>>>>>
---DATE---   Sun Apr 12 2020 15:09:49 GMT+0200 (Central European Summer Time)
---username---   Hans
---password---   undefined


<<<<<<<<<<<<<<<<<<<<<<NEW USER LOGIN>>>>>>>>>>>>
---DATE---   Sun Apr 12 2020 15:15:00 GMT+0200 (Central European Summer Time)
---username---   Hans
---password---   undefined


<<<<<<<<<<<<<<<<<<<<<<NEW USER LOGIN>>>>>>>>>>>>
---DATE---   Sun Apr 12 2020 15:15:22 GMT+0200 (Central European Summer Time)
---username---   Hans
---password---   undefined


<<<<<<<<<<<<<<<<<<<<<<NEW USER LOGIN>>>>>>>>>>>>
---DATE---   Sun Apr 12 2020 15:17:23 GMT+0200 (Central European Summer Time)
---username---   Hans
---password---   undefined


<<<<<<<<<<<<<<<<<<<<<<NEW USER LOGIN>>>>>>>>>>>>
---DATE---   Sun Apr 12 2020 17:37:33 GMT+0200 (Central European Summer Time)
---username---   Hans
---password---   undefined


<<<<<<<<<<<<<<<<<<<<<<NEW USER LOGIN>>>>>>>>>>>>
---DATE---   Sun Apr 12 2020 17:39:42 GMT+0200 (Central European Summer Time)
---username---   Hans
---password---   undefined


<<<<<<<<<<<<<<<<<<<<<<NEW USER LOGIN>>>>>>>>>>>>
---DATE---   Sun Apr 12 2020 17:40:41 GMT+0200 (Central European Summer Time)
---username---   Hans
---password---   undefined


<<<<<<<<<<<<<<<<<<<<<<NEW USER LOGIN>>>>>>>>>>>>
---DATE---   Sun Apr 12 2020 17:42:18 GMT+0200 (Central European Summer Time)
---username---   Hans
---password---   undefined


<<<<<<<<<<<<<<<<<<<<<<NEW USER LOGIN>>>>>>>>>>>>
---DATE---   Sun Apr 12 2020 17:43:14 GMT+0200 (Central European Summer Time)
---username---   Hans
---password---   undefined


<<<<<<<<<<<<<<<<<<<<<<NEW USER LOGIN>>>>>>>>>>>>
---DATE---   Sun Apr 12 2020 17:43:53 GMT+0200 (Central European Summer Time)
---username---   Hans
---password---   undefined


<<<<<<<<<<<<<<<<<<<<<<NEW USER LOGIN>>>>>>>>>>>>
---DATE---   Sun Apr 12 2020 17:44:58 GMT+0200 (Central European Summer Time)
---username---   Hans
---password---   undefined


<<<<<<<<<<<<<<<<<<<<<<NEW USER LOGIN>>>>>>>>>>>>
---DATE---   Sun Apr 12 2020 17:45:57 GMT+0200 (Central European Summer Time)
---username---   Hans
---password---   undefined


<<<<<<<<<<<<<<<<<<<<<<NEW USER LOGIN>>>>>>>>>>>>
---DATE---   Sun Apr 12 2020 17:46:26 GMT+0200 (Central European Summer Time)
---username---   Hans
---password---   undefined


<<<<<<<<<<<<<<<<<<<<<<NEW USER LOGIN>>>>>>>>>>>>
---DATE---   Sun Apr 12 2020 17:46:59 GMT+0200 (Central European Summer Time)
---username---   Hans
---password---   undefined


<<<<<<<<<<<<<<<<<<<<<<NEW USER LOGIN>>>>>>>>>>>>
---DATE---   Sun Apr 12 2020 17:48:20 GMT+0200 (Central European Summer Time)
---username---   Hans
---password---   undefined


<<<<<<<<<<<<<<<<<<<<<<NEW USER LOGIN>>>>>>>>>>>>
---DATE---   Sun Apr 12 2020 17:53:48 GMT+0200 (Central European Summer Time)
---username---   Hans
---password---   undefined


<<<<<<<<<<<<<<<<<<<<<<NEW USER LOGIN>>>>>>>>>>>>
---DATE---   Sun Apr 12 2020 17:54:52 GMT+0200 (Central European Summer Time)
---username---   Hans
---password---   undefined


<<<<<<<<<<<<<<<<<<<<<<NEW USER LOGIN>>>>>>>>>>>>
---DATE---   Sun Apr 12 2020 18:01:41 GMT+0200 (Central European Summer Time)
---username---   Hans
---password---   undefined


<<<<<<<<<<<<<<<<<<<<<<NEW USER LOGIN>>>>>>>>>>>>
---DATE---   Sun Apr 12 2020 18:04:37 GMT+0200 (Central European Summer Time)
---username---   Hans
---password---   undefined


<<<<<<<<<<<<<<<<<<<<<<NEW USER LOGIN>>>>>>>>>>>>
---DATE---   Sun Apr 12 2020 18:08:15 GMT+0200 (Central European Summer Time)
---username---   Hans
---password---   undefined


<<<<<<<<<<<<<<<<<<<<<<NEW USER LOGIN>>>>>>>>>>>>
---DATE---   Sun Apr 12 2020 18:17:28 GMT+0200 (Central European Summer Time)
---username---   Hans
---password---   undefined


<<<<<<<<<<<<<<<<<<<<<<NEW USER LOGIN>>>>>>>>>>>>
---DATE---   Sun Apr 12 2020 18:19:17 GMT+0200 (Central European Summer Time)
---username---   Hans
---password---   undefined


<<<<<<<<<<<<<<<<<<<<<<NEW USER LOGIN>>>>>>>>>>>>
---DATE---   Sun Apr 12 2020 18:21:21 GMT+0200 (Central European Summer Time)
---username---   Hans
---password---   undefined


<<<<<<<<<<<<<<<<<<<<<<NEW USER LOGIN>>>>>>>>>>>>
---DATE---   Sun Apr 12 2020 18:22:07 GMT+0200 (Central European Summer Time)
---username---   Hans
---password---   undefined
